update-alternatives 2019-05-15 14:06:36: run with --quiet --install /usr/bin/awk awk /usr/bin/mawk 5 --slave /usr/share/man/man1/awk.1.gz awk.1.gz /usr/share/man/man1/mawk.1.gz --slave /usr/bin/nawk nawk /usr/bin/mawk --slave /usr/share/man/man1/nawk.1.gz nawk.1.gz /usr/share/man/man1/mawk.1.gz
update-alternatives 2019-05-15 14:06:36: link group awk updated to point to /usr/bin/mawk
update-alternatives 2019-05-15 14:06:40: run with --quiet --install /usr/bin/awk awk /usr/bin/mawk 5 --slave /usr/share/man/man1/awk.1.gz awk.1.gz /usr/share/man/man1/mawk.1.gz --slave /usr/bin/nawk nawk /usr/bin/mawk --slave /usr/share/man/man1/nawk.1.gz nawk.1.gz /usr/share/man/man1/mawk.1.gz
update-alternatives 2019-05-15 14:06:40: run with --install /usr/share/man/man7/builtins.7.gz builtins.7.gz /usr/share/man/man7/bash-builtins.7.gz 10
update-alternatives 2019-05-15 14:06:40: link group builtins.7.gz updated to point to /usr/share/man/man7/bash-builtins.7.gz
update-alternatives 2019-05-15 14:06:40: run with --install /usr/sbin/rmt rmt /usr/sbin/rmt-tar 50 --slave /usr/share/man/man8/rmt.8.gz rmt.8.gz /usr/share/man/man8/rmt-tar.8.gz
update-alternatives 2019-05-15 14:06:40: link group rmt updated to point to /usr/sbin/rmt-tar
update-alternatives 2019-05-15 14:06:40: run with --install /usr/bin/pager pager /bin/more 50 --slave /usr/share/man/man1/pager.1.gz pager.1.gz /usr/share/man/man1/more.1.gz
update-alternatives 2019-05-15 14:06:40: link group pager updated to point to /bin/more
update-alternatives 2019-05-15 14:06:40: run with --remove pager /usr/bin/pg
update-alternatives 2019-05-15 14:06:41: run with --install /usr/bin/w w /usr/bin/w.procps 50 --slave /usr/share/man/man1/w.1.gz w.1.gz /usr/share/man/man1/w.procps.1.gz
update-alternatives 2019-05-15 14:06:41: link group w updated to point to /usr/bin/w.procps
update-alternatives 2019-05-15 14:06:47: run with --quiet --install /usr/bin/awk awk /usr/bin/mawk 5 --slave /usr/share/man/man1/awk.1.gz awk.1.gz /usr/share/man/man1/mawk.1.gz --slave /usr/bin/nawk nawk /usr/bin/mawk --slave /usr/share/man/man1/nawk.1.gz nawk.1.gz /usr/share/man/man1/mawk.1.gz
update-alternatives 2019-05-15 14:06:47: auto-repair link group awk
update-alternatives 2019-05-15 14:06:48: run with --remove builtins.7.gz /usr/share/man/man7/bash-builtins.7.gz
update-alternatives 2019-05-15 14:06:48: link group builtins.7.gz fully removed
update-alternatives 2019-05-15 14:06:53: run with --install /usr/sbin/rmt rmt /usr/sbin/rmt-tar 50 --slave /usr/share/man/man8/rmt.8.gz rmt.8.gz /usr/share/man/man8/rmt-tar.8.gz
update-alternatives 2019-05-15 14:06:53: auto-repair link group rmt
update-alternatives 2019-05-15 14:07:03: run with --install /usr/bin/pager pager /bin/more 50 --slave /usr/share/man/man1/pager.1.gz pager.1.gz /usr/share/man/man1/more.1.gz
update-alternatives 2019-05-15 14:07:03: auto-repair link group pager
update-alternatives 2019-05-15 14:07:03: run with --remove pager /usr/bin/pg
update-alternatives 2019-05-15 14:07:11: run with --install /usr/bin/w w /usr/bin/w.procps 50 --slave /usr/share/man/man1/w.1.gz w.1.gz /usr/share/man/man1/w.procps.1.gz
update-alternatives 2019-05-15 14:07:11: auto-repair link group w
update-alternatives 2019-05-15 14:07:15: run with --install /usr/sbin/rmt rmt /usr/sbin/rmt-tar 50 --slave /usr/share/man/man8/rmt.8.gz rmt.8.gz /usr/share/man/man8/rmt-tar.8.gz
update-alternatives 2019-05-15 14:07:16: run with --install /usr/bin/pager pager /bin/more 50 --slave /usr/share/man/man1/pager.1.gz pager.1.gz /usr/share/man/man1/more.1.gz
update-alternatives 2019-05-15 14:07:16: run with --remove pager /usr/bin/pg
update-alternatives 2019-05-15 14:07:19: run with --install /usr/bin/w w /usr/bin/w.procps 50 --slave /usr/share/man/man1/w.1.gz w.1.gz /usr/share/man/man1/w.procps.1.gz
update-alternatives 2019-06-05 00:42:21: run with --install /usr/bin/lzma lzma /usr/bin/xz 20 --slave /usr/share/man/man1/lzma.1.gz lzma.1.gz /usr/share/man/man1/xz.1.gz --slave /usr/bin/unlzma unlzma /usr/bin/unxz --slave /usr/share/man/man1/unlzma.1.gz unlzma.1.gz /usr/share/man/man1/unxz.1.gz --slave /usr/bin/lzcat lzcat /usr/bin/xzcat --slave /usr/share/man/man1/lzcat.1.gz lzcat.1.gz /usr/share/man/man1/xzcat.1.gz --slave /usr/bin/lzmore lzmore /usr/bin/xzmore --slave /usr/share/man/man1/lzmore.1.gz lzmore.1.gz /usr/share/man/man1/xzmore.1.gz --slave /usr/bin/lzless lzless /usr/bin/xzless --slave /usr/share/man/man1/lzless.1.gz lzless.1.gz /usr/share/man/man1/xzless.1.gz --slave /usr/bin/lzdiff lzdiff /usr/bin/xzdiff --slave /usr/share/man/man1/lzdiff.1.gz lzdiff.1.gz /usr/share/man/man1/xzdiff.1.gz --slave /usr/bin/lzcmp lzcmp /usr/bin/xzcmp --slave /usr/share/man/man1/lzcmp.1.gz lzcmp.1.gz /usr/share/man/man1/xzcmp.1.gz --slave /usr/bin/lzgrep lzgrep /usr/bin/xzgrep --slave /usr/share/man/man1/lzgrep.1.gz lzgrep.1.gz /usr/share/man/man1/xzgrep.1.gz --slave /usr/bin/lzegrep lzegrep /usr/bin/xzegrep --slave /usr/share/man/man1/lzegrep.1.gz lzegrep.1.gz /usr/share/man/man1/xzegrep.1.gz --slave /usr/bin/lzfgrep lzfgrep /usr/bin/xzfgrep --slave /usr/share/man/man1/lzfgrep.1.gz lzfgrep.1.gz /usr/share/man/man1/xzfgrep.1.gz
update-alternatives 2019-06-05 00:42:21: link group lzma updated to point to /usr/bin/xz
update-alternatives 2019-06-05 00:44:55: run with --quiet --install /usr/bin/pinentry pinentry /usr/bin/pinentry-curses 50 --slave /usr/share/man/man1/pinentry.1.gz pinentry.1.gz /usr/share/man/man1/pinentry-curses.1.gz
update-alternatives 2019-06-05 00:44:55: link group pinentry updated to point to /usr/bin/pinentry-curses
update-alternatives 2019-06-04 19:46:08: run with --install /usr/bin/php php /usr/bin/php7.2 72 --slave /usr/share/man/man1/php.1.gz php.1.gz /usr/share/man/man1/php7.2.1.gz
update-alternatives 2019-06-04 19:46:08: link group php updated to point to /usr/bin/php7.2
update-alternatives 2019-06-04 19:46:08: run with --install /usr/bin/phar phar /usr/bin/phar7.2 72 --slave /usr/share/man/man1/phar.1.gz phar.1.gz /usr/share/man/man1/phar7.2.1.gz
update-alternatives 2019-06-04 19:46:08: link group phar updated to point to /usr/bin/phar7.2
update-alternatives 2019-06-04 19:46:08: run with --install /usr/bin/phar.phar phar.phar /usr/bin/phar.phar7.2 72 --slave /usr/share/man/man1/phar.phar.1.gz phar.phar.1.gz /usr/share/man/man1/phar.phar7.2.1.gz
update-alternatives 2019-06-04 19:46:08: link group phar.phar updated to point to /usr/bin/phar.phar7.2
update-alternatives 2019-06-04 19:46:33: run with --install /usr/bin/editor editor /bin/nano 40 --slave /usr/share/man/man1/editor.1.gz editor.1.gz /usr/share/man/man1/nano.1.gz
update-alternatives 2019-06-04 19:46:33: link group editor updated to point to /bin/nano
update-alternatives 2019-06-04 19:46:33: run with --install /usr/bin/pico pico /bin/nano 10 --slave /usr/share/man/man1/pico.1.gz pico.1.gz /usr/share/man/man1/nano.1.gz
update-alternatives 2019-06-04 19:46:33: link group pico updated to point to /bin/nano
update-alternatives 2019-06-04 21:36:01: run with --install /usr/bin/futurize futurize /usr/bin/python3-futurize 200
update-alternatives 2019-06-04 21:36:01: link group futurize updated to point to /usr/bin/python3-futurize
update-alternatives 2019-06-04 21:36:01: run with --install /usr/bin/pasteurize pasteurize /usr/bin/python3-pasteurize 200
update-alternatives 2019-06-04 21:36:01: link group pasteurize updated to point to /usr/bin/python3-pasteurize
update-alternatives 2019-06-04 21:36:03: run with --install /usr/bin/pbr pbr /usr/bin/python3-pbr 200
update-alternatives 2019-06-04 21:36:03: link group pbr updated to point to /usr/bin/python3-pbr
update-alternatives 2019-06-05 09:49:41: run with --quiet --install /usr/bin/pager pager /bin/less 77 --slave /usr/share/man/man1/pager.1.gz pager.1.gz /usr/share/man/man1/less.1.gz
update-alternatives 2019-06-05 09:49:41: link group pager updated to point to /bin/less
update-alternatives 2019-06-05 09:49:41: run with --quiet --remove pager /usr/bin/less
update-alternatives 2019-06-05 09:49:41: run with --quiet --install /usr/bin/pager pager /bin/less 77 --slave /usr/share/man/man1/pager.1.gz pager.1.gz /usr/share/man/man1/less.1.gz
update-alternatives 2019-06-05 09:49:41: run with --quiet --remove pager /usr/bin/less
update-alternatives 2019-06-05 09:49:41: run with --quiet --install /usr/bin/rsh rsh /usr/bin/ssh 20 --slave /usr/share/man/man1/rsh.1.gz rsh.1.gz /usr/share/man/man1/ssh.1.gz
update-alternatives 2019-06-05 09:49:41: link group rsh updated to point to /usr/bin/ssh
update-alternatives 2019-06-05 09:49:41: run with --quiet --install /usr/bin/rlogin rlogin /usr/bin/slogin 20 --slave /usr/share/man/man1/rlogin.1.gz rlogin.1.gz /usr/share/man/man1/slogin.1.gz
update-alternatives 2019-06-05 09:49:41: link group rlogin updated to point to /usr/bin/slogin
update-alternatives 2019-06-05 09:49:41: run with --quiet --install /usr/bin/rcp rcp /usr/bin/scp 20 --slave /usr/share/man/man1/rcp.1.gz rcp.1.gz /usr/share/man/man1/scp.1.gz
update-alternatives 2019-06-05 09:49:41: link group rcp updated to point to /usr/bin/scp
